   Compiling ../../rsa_tb.cpp in debug mode
../../rsa_tb.cpp: In function ‘int main()’:
../../rsa_tb.cpp:113:22: error: too few arguments to function ‘void rsaModExp(uintRSA_t, uintRSA_t, uintRSA_t, uintRSA_t, uintRSA_t, uintRSA_t*)’
../../rsaModExp.hpp:9:6: note: declared here
make: *** [obj/rsa_tb.o] Error 1
CRITICAL WARNING: [SIM 1] 'csim_design' failed: compilation error(s).
